<?xml version="1.0" encoding="UTF-8"?>
<!-- Generated by org.testng.reporters.JUnitXMLReporter -->
<testsuite ignored="2" hostname="MFAHIZ01" failures="1" tests="2" name="Test" time="13.723" errors="0" timestamp="2023-12-01T14:33:15 IST">
  <testcase classname="com.automation.businesscomponents.Login" name="swagLabNavigation" time="1.719"/>
  <testcase classname="com.automation.businesscomponents.Login" name="login" time="11.959">
    <failure type="java.lang.AssertionError" message="Testng test failed">
      <![CDATA[java.lang.AssertionError: Testng test failed
at com.automation.base.LoginBase.loginSwag(LoginBase.java:38)
at com.automation.businesscomponents.Login.login(Login.java:35)
at java.base/java.util.ArrayList.forEach(ArrayList.java:1511)
... Removed 28 stack frames]]>
    </failure>
  </testcase> <!-- login -->
  <testcase classname="com.automation.businesscomponents.TestMe" name="@BeforeSuite setUp" time="0.0">
    <ignored/>
  </testcase> <!-- @BeforeSuite setUp -->
  <testcase classname="com.automation.businesscomponents.TestMe" name="@AfterSuite quite" time="0.0">
    <ignored/>
  </testcase> <!-- @AfterSuite quite -->
</testsuite> <!-- Test -->
