<?xml version="1.0" encoding="UTF-8"?>
<!-- Generated by org.testng.reporters.JUnitXMLReporter -->
<testsuite ignored="2" hostname="MFAHIZ01" failures="0" tests="2" name="Test" time="8.593" errors="0" timestamp="2023-12-02T15:44:23 IST">
  <testcase classname="com.automation.businesscomponents.Login" name="swagLabNavigation" time="5.672"/>
  <testcase classname="com.automation.businesscomponents.Login" name="login" time="2.898"/>
  <testcase classname="com.automation.businesscomponents.TestMe" name="@BeforeSuite setUp" time="0.0">
    <ignored/>
  </testcase> <!-- @BeforeSuite setUp -->
  <testcase classname="com.automation.businesscomponents.TestMe" name="@AfterSuite quite" time="0.0">
    <ignored/>
  </testcase> <!-- @AfterSuite quite -->
</testsuite> <!-- Test -->
