<?xml version="1.0" encoding="UTF-8"?>
<!-- Generated by org.testng.reporters.JUnitXMLReporter -->
<testsuite ignored="2" hostname="MFAHIZ01" failures="0" tests="6" name="Test" time="8.85" errors="0" timestamp="2023-11-30T18:38:49 IST">
  <testcase classname="com.automation.businesscomponents.Login" name="swagLabNavigation" time="2.551"/>
  <testcase classname="com.automation.businesscomponents.Login" name="login" time="1.746"/>
  <testcase classname="com.automation.businesscomponents.Home" name="sortItemsByName" time="0.831"/>
  <testcase classname="com.automation.businesscomponents.Home" name="sortItemsByPrice" time="1.102"/>
  <testcase classname="com.automation.businesscomponents.Home" name="addItemToCart" time="0.655"/>
  <testcase classname="com.automation.businesscomponents.Cart" name="checkOut" time="1.933"/>
  <testcase classname="com.automation.businesscomponents.TestMe" name="@AfterSuite quite" time="0.0">
    <ignored/>
  </testcase> <!-- @AfterSuite quite -->
  <testcase classname="com.automation.businesscomponents.TestMe" name="@BeforeSuite setUp" time="0.0">
    <ignored/>
  </testcase> <!-- @BeforeSuite setUp -->
</testsuite> <!-- Test -->
