<?xml version="1.0" encoding="UTF-8"?>
<testng-results ignored="2" total="4" passed="2" failed="0" skipped="0">
  <reporter-output>
  </reporter-output>
  <suite started-at="2023-12-02T15:56:51 IST" name="Suite" finished-at="2023-12-02T15:56:54 IST" duration-ms="3612">
    <groups>
    </groups>
    <test started-at="2023-12-02T15:56:51 IST" name="Test" finished-at="2023-12-02T15:56:54 IST" duration-ms="3612">
      <class name="com.automation.businesscomponents.TestMe">
        <test-method is-config="true" signature="setUp()[pri:0, instance:com.automation.businesscomponents.TestMe@658c5a19]" started-at="2023-12-02T15:56:49 IST" name="setUp" finished-at="2023-12-02T15:56:51 IST" duration-ms="2104" status="PASS">
          <reporter-output>
          </reporter-output>
        </test-method> <!-- setUp -->
        <test-method is-config="true" signature="quite()[pri:0, instance:com.automation.businesscomponents.TestMe@658c5a19]" started-at="2023-12-02T15:56:55 IST" name="quite" finished-at="2023-12-02T15:56:55 IST" duration-ms="256" status="PASS">
          <reporter-output>
          </reporter-output>
        </test-method> <!-- quite -->
      </class> <!-- com.automation.businesscomponents.TestMe -->
      <class name="com.automation.businesscomponents.Login">
        <test-method signature="swagLabNavigation()[pri:0, instance:com.automation.businesscomponents.Login@1b58ff9e]" started-at="2023-12-02T15:56:51 IST" name="swagLabNavigation" finished-at="2023-12-02T15:56:53 IST" duration-ms="1832" status="PASS">
          <reporter-output>
          </reporter-output>
        </test-method> <!-- swagLabNavigation -->
        <test-method signature="login()[pri:1, instance:com.automation.businesscomponents.Login@1b58ff9e]" started-at="2023-12-02T15:56:53 IST" name="login" finished-at="2023-12-02T15:56:54 IST" duration-ms="1752" status="PASS">
          <reporter-output>
          </reporter-output>
        </test-method> <!-- login -->
      </class> <!-- com.automation.businesscomponents.Login -->
    </test> <!-- Test -->
  </suite> <!-- Suite -->
</testng-results>
