<?xml version="1.0" encoding="UTF-8"?>
<testng-results ignored="2" total="4" passed="2" failed="0" skipped="0">
  <reporter-output>
  </reporter-output>
  <suite started-at="2023-12-01T20:16:49 IST" name="Suite" finished-at="2023-12-01T20:16:54 IST" duration-ms="4899">
    <groups>
    </groups>
    <test started-at="2023-12-01T20:16:49 IST" name="Test" finished-at="2023-12-01T20:16:54 IST" duration-ms="4899">
      <class name="com.automation.businesscomponents.TestMe">
        <test-method is-config="true" signature="setUp()[pri:0, instance:com.automation.businesscomponents.TestMe@662706a7]" started-at="2023-12-01T20:16:47 IST" name="setUp" finished-at="2023-12-01T20:16:49 IST" duration-ms="2050" status="PASS">
          <reporter-output>
          </reporter-output>
        </test-method> <!-- setUp -->
        <test-method is-config="true" signature="quite()[pri:0, instance:com.automation.businesscomponents.TestMe@662706a7]" started-at="2023-12-01T20:16:54 IST" name="quite" finished-at="2023-12-01T20:16:54 IST" duration-ms="232" status="PASS">
          <reporter-output>
          </reporter-output>
        </test-method> <!-- quite -->
      </class> <!-- com.automation.businesscomponents.TestMe -->
      <class name="com.automation.businesscomponents.Login">
        <test-method signature="swagLabNavigation()[pri:0, instance:com.automation.businesscomponents.Login@38875e7d]" started-at="2023-12-01T20:16:49 IST" name="swagLabNavigation" finished-at="2023-12-01T20:16:52 IST" duration-ms="3484" status="PASS">
          <reporter-output>
          </reporter-output>
        </test-method> <!-- swagLabNavigation -->
        <test-method signature="login()[pri:1, instance:com.automation.businesscomponents.Login@38875e7d]" started-at="2023-12-01T20:16:52 IST" name="login" finished-at="2023-12-01T20:16:54 IST" duration-ms="1392" status="PASS">
          <reporter-output>
          </reporter-output>
        </test-method> <!-- login -->
      </class> <!-- com.automation.businesscomponents.Login -->
    </test> <!-- Test -->
  </suite> <!-- Suite -->
</testng-results>
