<?xml version="1.0" encoding="UTF-8"?>
<testng-results ignored="0" total="2" passed="2" failed="0" skipped="0">
  <reporter-output>
  </reporter-output>
  <suite started-at="2023-12-01T13:49:33 IST" name="Suite" finished-at="2023-12-01T13:49:36 IST" duration-ms="3858">
    <groups>
    </groups>
    <test started-at="2023-12-01T13:49:33 IST" name="Test" finished-at="2023-12-01T13:49:36 IST" duration-ms="3858">
      <class name="com.automation.businesscomponents.TestMe">
        <test-method is-config="true" signature="setUp()[pri:0, instance:com.automation.businesscomponents.TestMe@5a5338df]" started-at="2023-12-01T13:49:30 IST" name="setUp" finished-at="2023-12-01T13:49:33 IST" duration-ms="2574" status="PASS">
          <reporter-output>
          </reporter-output>
        </test-method> <!-- setUp -->
        <test-method is-config="true" signature="quite()[pri:0, instance:com.automation.businesscomponents.TestMe@5a5338df]" started-at="2023-12-01T13:49:37 IST" name="quite" finished-at="2023-12-01T13:49:37 IST" duration-ms="186" status="PASS">
          <reporter-output>
          </reporter-output>
        </test-method> <!-- quite -->
      </class> <!-- com.automation.businesscomponents.TestMe -->
      <class name="com.automation.businesscomponents.Login">
        <test-method signature="swagLabNavigation()[pri:0, instance:com.automation.businesscomponents.Login@7db0565c]" started-at="2023-12-01T13:49:33 IST" name="swagLabNavigation" finished-at="2023-12-01T13:49:35 IST" duration-ms="2474" status="PASS">
          <reporter-output>
          </reporter-output>
        </test-method> <!-- swagLabNavigation -->
        <test-method signature="login()[pri:1, instance:com.automation.businesscomponents.Login@7db0565c]" started-at="2023-12-01T13:49:35 IST" name="login" finished-at="2023-12-01T13:49:36 IST" duration-ms="1353" status="PASS">
          <reporter-output>
          </reporter-output>
        </test-method> <!-- login -->
      </class> <!-- com.automation.businesscomponents.Login -->
    </test> <!-- Test -->
  </suite> <!-- Suite -->
</testng-results>
